# JRE version: Java(TM) SE Runtime Environment (17.0.12+8) (build 17.0.12+8-LTS-286)
# Java VM: Java HotSpot(TM) 64-Bit Server VM (17.0.12+8-LTS-286, mixed mode, sharing, tiered, compressed oops, compressed class ptrs, g1 gc, windows-amd64)
GC Precious Log:
 CPUs: 4 total, 4 available
 Memory: 8057M
 Large Page Support: Disabled
 NUMA Support: Disabled
 Compressed Oops: Enabled (32-bit)
 Heap Region Size: 1M
 Heap Min Capacity: 8M
 Heap Initial Capacity: 8M
 Heap Max Capacity: 2016M
 Pre-touch: Disabled
 Parallel Workers: 4
 Concurrent Workers: 1
 Concurrent Refinement Workers: 4
 Periodic GC: Disabled
Heap:
 garbage-first heap   total 10240K, used 4479K [0x0000000082000000, 0x0000000100000000)
  region size 1024K, 1 young (1024K), 1 survivors (1024K)
 Metaspace       used 8845K, committed 8960K, reserved 1114112K
  class space    used 1050K, committed 1088K, reserved 1048576K
GC Heap History (17 events):
Event: 0.254 GC heap before
{Heap before GC invocations=0 (full 0):
 garbage-first heap   total 8192K, used 3072K [0x0000000082000000, 0x0000000100000000)
  region size 1024K, 3 young (3072K), 0 survivors (0K)
 Metaspace       used 3202K, committed 3328K, reserved 1114112K
  class space    used 409K, committed 512K, reserved 1048576K
}
Event: 0.258 GC heap after
{Heap after GC invocations=1 (full 0):
 garbage-first heap   total 8192K, used 1216K [0x0000000082000000, 0x0000000100000000)
  region size 1024K, 1 young (1024K), 1 survivors (1024K)
 Metaspace       used 3202K, committed 3328K, reserved 1114112K
  class space    used 409K, committed 512K, reserved 1048576K
}
Event: 0.350 GC heap before
{Heap before GC invocations=1 (full 0):
 garbage-first heap   total 8192K, used 1216K [0x0000000082000000, 0x0000000100000000)
  region size 1024K, 2 young (2048K), 1 survivors (1024K)
 Metaspace       used 5533K, committed 5696K, reserved 1114112K
  class space    used 672K, committed 768K, reserved 1048576K
}
Event: 0.353 GC heap after
{Heap after GC invocations=2 (full 0):
 garbage-first heap   total 8192K, used 1776K [0x0000000082000000, 0x0000000100000000)
  region size 1024K, 1 young (1024K), 1 survivors (1024K)
 Metaspace       used 5533K, committed 5696K, reserved 1114112K
  class space    used 672K, committed 768K, reserved 1048576K
}
Event: 0.415 GC heap before
{Heap before GC invocations=2 (full 0):
 garbage-first heap   total 8192K, used 2800K [0x0000000082000000, 0x0000000100000000)
  region size 1024K, 2 young (2048K), 1 survivors (1024K)
 Metaspace       used 6896K, committed 7104K, reserved 1114112K
  class space    used 831K, committed 896K, reserved 1048576K
}
Event: 0.416 GC heap after
{Heap after GC invocations=3 (full 0):
 garbage-first heap   total 8192K, used 2202K [0x0000000082000000, 0x0000000100000000)
  region size 1024K, 1 young (1024K), 1 survivors (1024K)
 Metaspace       used 6896K, committed 7104K, reserved 1114112K
  class space    used 831K, committed 896K, reserved 1048576K
}
Event: 0.482 GC heap before
{Heap before GC invocations=3 (full 0):
 garbage-first heap   total 8192K, used 3226K [0x0000000082000000, 0x0000000100000000)
  region size 1024K, 2 young (2048K), 1 survivors (1024K)
 Metaspace       used 7598K, committed 7808K, reserved 1114112K
  class space    used 892K, committed 1024K, reserved 1048576K
}
Event: 0.485 GC heap after
{Heap after GC invocations=4 (full 0):
 garbage-first heap   total 8192K, used 2451K [0x0000000082000000, 0x0000000100000000)
  region size 1024K, 1 young (1024K), 1 survivors (1024K)
 Metaspace       used 7598K, committed 7808K, reserved 1114112K
  class space    used 892K, committed 1024K, reserved 1048576K
}
Event: 0.537 GC heap before
{Heap before GC invocations=4 (full 0):
 garbage-first heap   total 8192K, used 3475K [0x0000000082000000, 0x0000000100000000)
  region size 1024K, 2 young (2048K), 1 survivors (1024K)
 Metaspace       used 7812K, committed 8000K, reserved 1114112K
  class space    used 918K, committed 1024K, reserved 1048576K
}
Event: 0.540 GC heap after
{Heap after GC invocations=5 (full 0):
 garbage-first heap   total 10240K, used 2834K [0x0000000082000000, 0x0000000100000000)
  region size 1024K, 1 young (1024K), 1 survivors (1024K)
 Metaspace       used 7812K, committed 8000K, reserved 1114112K
  class space    used 918K, committed 1024K, reserved 1048576K
}
Event: 0.617 GC heap before
{Heap before GC invocations=5 (full 0):
 garbage-first heap   total 10240K, used 4882K [0x0000000082000000, 0x0000000100000000)
  region size 1024K, 3 young (3072K), 1 survivors (1024K)
 Metaspace       used 8414K, committed 8576K, reserved 1114112K
  class space    used 1003K, committed 1088K, reserved 1048576K
}
Event: 0.621 GC heap after
{Heap after GC invocations=6 (full 0):
 garbage-first heap   total 10240K, used 3614K [0x0000000082000000, 0x0000000100000000)
  region size 1024K, 1 young (1024K), 1 survivors (1024K)
 Metaspace       used 8414K, committed 8576K, reserved 1114112K
  class space    used 1003K, committed 1088K, reserved 1048576K
}
Event: 0.672 GC heap before
{Heap before GC invocations=6 (full 0):
 garbage-first heap   total 10240K, used 5662K [0x0000000082000000, 0x0000000100000000)
  region size 1024K, 3 young (3072K), 1 survivors (1024K)
 Metaspace       used 8664K, committed 8832K, reserved 1114112K
  class space    used 1029K, committed 1088K, reserved 1048576K
}
Event: 0.676 GC heap after
{Heap after GC invocations=7 (full 0):
 garbage-first heap   total 10240K, used 4124K [0x0000000082000000, 0x0000000100000000)
  region size 1024K, 1 young (1024K), 1 survivors (1024K)
 Metaspace       used 8664K, committed 8832K, reserved 1114112K
  class space    used 1029K, committed 1088K, reserved 1048576K
}
Event: 0.706 GC heap before
{Heap before GC invocations=7 (full 0):
 garbage-first heap   total 10240K, used 5148K [0x0000000082000000, 0x0000000100000000)
  region size 1024K, 2 young (2048K), 1 survivors (1024K)
 Metaspace       used 8776K, committed 8896K, reserved 1114112K
  class space    used 1041K, committed 1088K, reserved 1048576K
}
Event: 0.708 GC heap after
{Heap after GC invocations=8 (full 0):
 garbage-first heap   total 10240K, used 4264K [0x0000000082000000, 0x0000000100000000)
  region size 1024K, 1 young (1024K), 1 survivors (1024K)
 Metaspace       used 8776K, committed 8896K, reserved 1114112K
  class space    used 1041K, committed 1088K, reserved 1048576K
}
Event: 0.731 GC heap before
{Heap before GC invocations=8 (full 0):
 garbage-first heap   total 10240K, used 5288K [0x0000000082000000, 0x0000000100000000)
  region size 1024K, 2 young (2048K), 1 survivors (1024K)
 Metaspace       used 8845K, committed 8960K, reserved 1114112K
  class space    used 1050K, committed 1088K, reserved 1048576K
}

